<?xml version="1.0" encoding="UTF-8"?>
<!-- Generated by org.testng.reporters.JUnitReportReporter -->
<testsuite hostname="LIN19004598" failures="0" tests="1" name="testcases.accountactivitypage" time="17.046" errors="0" timestamp="2024-12-26T13:58:48 IST" skipped="0">
  <testcase classname="testcases.accountactivitypage" name="testAccount" time="17.046"/>
</testsuite> <!-- testcases.accountactivitypage -->
